163:/home/danil/.luarocks/share/lua/5.1/busted/block.lua
0 0 0 0 0 0 0 0 0 0 0 0 0 0 0 1 1 0 1 765 0 765 766 0 1 45 45 810 765 720 0 0 46 0 0 22 22 22 22 1 0 1 90 0 90 67 67 0 0 0 0 90 10 0 90 90 80 0 0 10 10 0 0 0 0 0 0 10 0 10 1 0 1 100 0 100 67 67 0 0 0 0 100 0 100 122 22 0 0 0 0 100 1 0 1 110 110 0 110 110 0 0 0 0 0 0 110 67 0 0 0 110 1 0 1 23 1 0 1 10 10 10 0 11 0 1 10 1 0 1 10 1 0 1 9 0 9 9 9 0 0 0 0 9 0 9 9 0 9 0 0 0 0 9 9 0 0 9 9 0 10 0 1 
130:/home/danil/.luarocks/share/lua/5.1/busted/context.lua
0 0 0 2 86 84 0 2 2 2 2 2 0 0 0 2 86 84 0 86 0 84 0 0 0 160 158 0 2 0 0 0 0 0 0 0 0 0 0 0 0 0 0 0 22 22 44 22 22 0 22 44 0 0 0 0 0 0 0 22 0 22 0 0 54 54 2 52 22 30 0 0 54 54 0 0 54 54 0 0 54 2 0 54 0 0 882 0 0 0 0 0 0 0 0 0 0 0 0 0 0 0 0 0 34 34 34 34 0 0 11 0 0 0 2245 0 0 0 152 152 152 152 152 0 0 152 152 152 152 152 
317:/home/danil/.luarocks/share/lua/5.1/busted/core.lua
0 0 0 0 0 0 0 0 0 0 0 0 0 0 0 0 0 0 0 0 0 0 0 0 0 0 0 0 0 0 0 0 0 0 0 0 0 0 0 0 2 0 0 0 0 0 0 0 0 0 0 0 0 0 0 0 0 0 0 0 0 0 0 0 0 0 0 0 0 32 32 0 32 32 32 32 0 0 0 0 32 32 0 32 32 0 0 0 0 0 0 0 0 0 0 0 0 0 0 0 0 0 0 0 101 0 0 0 34 0 0 0 0 0 0 0 32 0 53 53 2 2 2 2 2 2 0 0 51 30 30 30 30 30 0 0 21 0 0 0 0 0 0 0 0 0 0 0 0 0 0 0 0 0 0 0 0 0 0 0 0 0 0 0 0 0 2 0 2 0 2 0 0 152 152 152 0 304 0 0 0 304 0 152 0 0 0 0 0 0 0 0 0 0 0 0 0 0 0 0 0 0 152 0 152 152 0 0 0 66 66 66 33 33 33 33 33 33 0 132 66 132 66 0 0 0 0 0 0 0 0 0 0 0 0 0 0 0 0 0 0 0 0 0 0 0 0 0 0 0 0 0 0 0 0 0 0 0 34 2 2 32 0 0 0 34 0 34 34 32 0 0 0 34 68 0 34 34 0 0 0 0 0 0 34 34 34 34 34 34 34 34 34 34 34 34 0 0 34 0 34 12 0 22 0 34 0 0 0 10 44 34 34 64 34 0 10 
31:/home/danil/.luarocks/share/lua/5.1/busted/environment.lua
0 0 0 0 0 0 0 2483 0 2478 1695 2478 0 0 0 0 0 0 0 0 788 0 0 0 0 0 0 0 0 0 2 
72:/home/danil/.luarocks/share/lua/5.1/busted/execute.lua
1 1 1 0 0 0 0 0 0 0 0 0 1 0 0 1 0 0 1 1 0 0 0 0 0 0 0 0 0 0 0 0 0 0 0 0 0 0 1 0 2 1 0 0 0 0 0 1 0 1 0 0 0 0 1 1 1 1 0 1 1 0 1 0 1 0 0 0 2 0 1 1 
129:/home/danil/.luarocks/share/lua/5.1/busted/init.lua
0 0 0 0 2 2 2 0 2 2 0 0 7 7 7 0 7 7 0 0 23 23 0 23 0 0 0 0 23 0 23 23 23 0 23 0 23 23 23 23 23 0 0 0 0 0 0 23 0 0 23 23 0 0 0 0 0 0 0 0 0 0 0 0 0 0 0 0 0 0 0 0 0 0 0 0 0 0 0 0 0 0 0 0 0 0 0 0 0 0 0 0 0 0 0 0 0 0 0 0 0 0 0 0 0 0 0 0 0 0 0 0 0 0 0 0 0 0 0 0 0 0 0 0 0 0 0 0 84 
50:/home/danil/.luarocks/share/lua/5.1/busted/languages/en.lua
1 0 1 0 0 1 1 1 1 0 1 1 1 1 0 1 1 1 1 0 1 1 1 1 0 1 0 1 1 0 0 1 1 1 1 1 1 1 1 1 0 1 1 1 1 1 1 0 1 1 
4:/home/danil/.luarocks/share/lua/5.1/busted/luajit.lua
1 0 1 2 
23:/home/danil/.luarocks/share/lua/5.1/busted/modules/files/lua.lua
1 0 1 0 0 32 32 32 1 0 0 2 1 0 0 2 2 0 0 2 1 0 1 
107:/home/danil/.luarocks/share/lua/5.1/busted/modules/files/moonscript.lua
1 0 2 1 1 0 1 0 0 0 0 0 0 0 0 0 0 1 0 0 0 0 0 0 0 0 0 0 0 0 1 0 0 0 0 0 1 0 0 0 0 0 0 0 0 0 0 0 0 0 0 0 0 0 0 0 0 0 0 0 0 0 0 0 0 0 1 0 1 0 0 0 0 0 0 0 0 0 0 0 1 0 0 0 0 0 0 0 0 0 0 0 1 0 0 0 1 0 0 0 0 0 0 0 1 0 1 
156:/home/danil/.luarocks/share/lua/5.1/busted/modules/filter_loader.lua
0 0 0 23 23 0 67 67 44 44 0 0 23 1 0 0 0 0 1 0 0 30 0 0 0 0 30 1 0 0 23 23 0 0 0 0 23 1 0 0 30 0 0 0 0 30 1 0 1 1 0 0 0 0 0 0 0 0 0 0 0 0 1 0 0 30 0 0 0 0 30 1 0 0 23 0 0 0 0 23 1 0 0 0 0 0 0 0 0 0 0 0 1 0 0 0 1 0 1 0 0 0 0 0 0 1 0 0 0 1 0 0 10 18 13 0 0 11 0 0 0 0 0 0 0 0 1 0 1 0 0 0 0 0 0 0 0 0 0 0 0 0 0 1 1 1 1 0 0 1 1 1 1 1 1 1 
34:/home/danil/.luarocks/share/lua/5.1/busted/modules/output_handler_loader.lua
0 0 0 0 0 0 0 0 1 2 1 0 1 0 0 1 0 2 0 1 0 0 0 1 0 0 0 0 1 0 0 0 1 1 
101:/home/danil/.luarocks/share/lua/5.1/busted/modules/test_file_loader.lua
1 0 0 1 1 1 1 0 3 2 2 0 0 0 0 0 1 0 1 1 1 0 2 2 2 0 0 0 0 2 2 2 0 0 0 2 0 2 2 0 0 2 0 2 0 0 0 0 0 1 1 1 0 0 1 2 1 0 1 1 0 0 0 2 2 2 0 0 1 0 0 1 0 3 2 0 2 4 2 2 2 2 0 0 2 0 0 0 1 0 0 0 0 0 0 0 1 1 0 1 1 
181:/home/danil/.luarocks/share/lua/5.1/busted/outputHandlers/base.lua
1 1 0 0 1 1 1 1 1 1 1 1 1 1 1 0 0 0 69 1 0 0 1 1 0 1 0 0 0 1 1 1 1 1 1 1 1 1 1 2 0 0 23 23 0 67 67 0 44 44 0 0 23 1 0 0 0 23 276 253 207 0 0 23 23 0 23 23 23 23 23 23 23 0 23 0 23 1 0 0 1 0 0 0 1 1 0 0 1 1 1 1 0 0 0 0 0 0 0 0 0 0 0 0 0 1 0 0 1 1 1 1 0 0 23 23 1 0 0 0 0 23 23 23 0 0 0 0 0 0 0 0 0 0 0 0 23 0 23 23 23 0 0 0 23 0 0 23 0 23 1 0 0 0 0 0 0 1 0 0 0 0 1 0 0 0 0 0 1 0 0 0 0 0 0 0 0 1 0 1 1 
224:/home/danil/.luarocks/share/lua/5.1/busted/outputHandlers/utfTerminal.lua
1 1 1 1 1 1 1 1 1 1 1 1 0 1 0 0 1 1 1 1 0 1 1 1 0 1 1 0 0 0 0 0 1 0 0 0 1 0 0 0 0 1 0 0 0 0 1 1 0 0 0 1 1 1 1 0 0 0 0 0 0 0 0 0 0 0 0 0 0 0 0 0 1 0 0 0 0 0 0 0 0 0 0 0 0 1 0 0 0 0 0 0 0 0 0 0 0 0 0 0 0 0 0 0 0 0 0 0 0 0 0 1 0 0 1 1 1 1 0 1 1 1 1 1 0 1 0 1 0 0 0 1 1 0 0 0 0 1 1 0 0 0 0 1 1 0 0 0 0 1 0 1 1 1 1 1 1 0 0 23 23 0 23 0 23 0 23 0 0 0 23 23 0 0 23 1 0 0 1 1 1 0 1 1 0 0 1 1 0 1 0 0 0 0 1 0 0 0 0 1 0 0 0 0 1 1 0 0 0 0 0 0 1 0 1 1 1 1 1 1 1 0 1 1 
221:/home/danil/.luarocks/share/lua/5.1/busted/runner.lua
0 0 0 0 0 0 0 0 0 0 0 0 0 0 0 0 0 0 0 0 0 0 0 0 0 0 0 0 0 0 0 0 0 0 0 0 0 0 0 0 0 0 0 0 0 0 0 0 0 0 0 0 0 0 0 0 0 0 0 1 0 0 0 0 0 0 1 0 0 0 0 1 0 0 0 0 0 1 1 0 0 1 1 0 0 0 1 1 0 0 0 0 0 1 1 1 0 2 0 0 1 0 2 0 0 1 0 2 0 0 0 1 0 2 0 0 0 0 0 0 0 1 0 0 1 1 1 0 0 2 1 1 1 1 1 1 1 0 0 0 1 0 0 1 0 0 0 0 0 0 0 0 0 0 0 0 0 0 0 0 0 0 0 0 0 0 0 1 0 1 0 0 0 0 0 0 0 0 0 2 1 1 1 1 1 1 1 1 1 0 0 1 0 1 1 1 2 1 1 1 1 0 0 0 0 0 0 1 1 2 1 1 1 0 0 1 0 1 0 0 1 
42:/home/danil/.luarocks/share/lua/5.1/busted/status.lua
0 198 198 198 198 198 198 198 198 0 198 0 0 0 175 175 272 175 175 175 0 0 0 175 0 0 0 175 0 0 0 23 23 23 0 198 0 0 350 175 221 175 
35:/home/danil/.luarocks/share/lua/5.1/busted/utils.lua
0 0 0 1 1 5 4 4 0 0 1 0 0 0 0 0 0 0 0 0 0 0 0 0 0 0 1 1 1 1 1 5 4 0 1 
32:/home/danil/.luarocks/share/lua/5.1/cliargs.lua
0 0 1 1 0 1 0 1 1 1 0 0 1 0 1 1 0 0 0 1 85 84 14 0 0 0 1 2 0 1 0 1 
556:/home/danil/.luarocks/share/lua/5.1/cliargs/core.lua
0 0 0 0 0 0 0 0 0 0 0 0 0 0 0 0 0 2 2 0 0 0 0 0 0 0 0 0 0 0 0 0 0 1 1 1 0 1 1 0 2 0 0 0 0 0 0 2 0 0 0 2 2 0 2 0 0 0 0 2 0 0 0 2 0 0 0 0 2 2 2 2 2 2 2 2 2 2 0 0 2 3 0 0 0 0 0 0 0 0 0 0 0 0 0 0 0 0 0 0 0 0 0 0 0 0 0 0 0 0 0 0 0 0 0 0 1 0 0 0 0 0 0 0 0 1 1 0 1 1 0 0 1 0 0 0 1 0 0 0 0 0 0 0 0 0 0 0 0 0 1 0 1 0 1 0 0 0 0 0 0 0 0 0 0 0 0 0 1 0 0 0 0 0 0 0 0 0 0 0 0 0 0 0 0 0 1 0 0 0 0 0 0 0 0 0 1 0 0 0 0 0 0 0 0 0 0 0 0 0 0 0 0 0 0 0 1 0 0 0 0 0 0 0 0 0 0 0 1 0 0 0 0 0 0 0 0 0 0 0 0 0 0 0 0 0 0 0 0 0 0 0 0 0 0 0 0 0 0 0 0 0 0 0 0 1 0 0 0 0 0 0 0 0 0 0 0 0 0 0 0 0 0 0 0 0 1 0 0 0 0 0 0 0 0 0 0 0 0 0 0 0 0 0 0 0 0 0 0 0 0 0 0 0 0 0 0 0 0 0 0 0 0 0 0 0 0 0 0 0 0 0 0 0 0 0 1 0 0 0 0 0 0 0 0 0 0 0 0 0 0 0 0 0 0 0 0 0 0 0 0 0 0 0 0 0 0 0 0 0 0 0 0 0 0 1 0 0 0 0 0 0 0 0 0 0 0 0 0 0 0 0 0 0 0 0 0 0 0 0 0 0 0 0 0 0 0 0 0 1 0 0 0 0 0 0 0 0 0 0 0 0 0 0 0 0 0 0 0 0 0 1 0 0 0 0 0 0 0 0 0 0 0 0 0 0 0 0 0 0 0 0 0 0 0 0 0 0 0 0 0 0 0 0 0 0 0 0 0 0 1 2 0 0 0 0 4 0 2 0 2 0 2 0 0 0 2 0 2 1 0 0 0 0 0 0 0 0 0 0 0 0 0 0 0 0 1 0 0 0 0 0 0 0 0 1 0 0 0 0 0 0 0 0 0 0 0 0 0 0 0 1 1 1 0 0 0 0 0 1 0 1 0 1 0 1 0 0 0 0 0 1 0 1 0 1 
315:/home/danil/.luarocks/share/lua/5.1/cliargs/parser.lua
0 0 0 0 0 0 0 0 0 0 0 0 0 0 0 0 0 0 0 0 0 0 0 0 0 0 0 1 0 1 0 0 0 0 0 0 0 0 0 0 0 0 0 0 0 0 0 0 0 0 0 0 0 0 0 0 0 0 0 0 0 0 0 0 0 1 0 0 0 0 5 4 0 0 0 0 1 0 0 0 0 1 0 0 1 0 0 0 0 1 1 1 1 0 0 0 0 1 0 1 0 1 0 0 0 0 0 0 0 0 0 0 0 0 0 0 0 0 0 0 0 0 0 0 0 0 0 0 0 0 0 0 0 0 0 0 0 0 0 0 0 0 0 0 0 0 0 0 0 0 0 0 0 0 0 0 0 0 0 0 0 0 0 0 0 0 0 0 0 0 0 0 0 0 0 0 0 0 0 0 0 0 0 0 0 0 0 0 0 0 0 0 0 0 0 0 0 0 0 0 0 0 0 0 0 0 0 0 0 0 0 0 1 0 0 0 1 1 0 1 1 0 0 1 0 0 0 0 0 0 0 0 0 0 0 0 0 0 1 0 0 0 1 0 2 2 0 2 0 0 0 0 0 2 2 0 0 0 1 0 0 2 2 3 0 3 2 2 0 2 2 0 0 2 0 2 0 2 0 2 0 0 0 0 2 0 0 1 0 0 0 0 2 1 1 0 0 1 0 0 2 2 2 2 2 1 0 0 1 0 1 1 1 1 1 
261:/home/danil/.luarocks/share/lua/5.1/cliargs/printer.lua
0 0 0 0 0 0 0 1 0 1 0 1 0 0 0 0 0 0 0 0 0 0 0 0 0 0 0 0 0 0 0 0 0 0 0 0 0 0 0 0 1 0 0 1 0 0 0 0 0 0 0 0 0 0 0 0 0 0 0 0 0 0 0 0 0 0 0 0 0 0 0 0 0 0 0 0 0 0 0 0 1 0 1 0 0 0 0 0 0 0 0 0 0 0 0 0 0 0 0 0 0 0 0 0 0 0 0 0 0 0 0 0 0 0 0 0 0 0 0 0 0 0 0 0 0 0 0 0 0 0 0 0 0 0 0 0 0 0 0 0 0 0 0 0 0 0 0 0 0 0 0 0 0 0 0 0 0 0 0 0 0 0 0 1 0 1 0 0 0 0 0 0 0 0 0 0 0 0 0 0 0 0 0 0 0 0 0 0 0 0 0 0 0 0 0 0 0 0 0 0 0 0 0 0 0 0 0 0 0 0 0 0 0 0 0 0 0 0 0 0 0 0 0 0 0 0 0 0 0 0 0 0 0 0 0 0 0 0 0 0 0 0 0 0 0 0 0 0 0 1 0 1 0 0 0 0 0 0 1 0 1 
66:/home/danil/.luarocks/share/lua/5.1/cliargs/utils/disect.lua
0 0 0 0 0 0 0 0 0 0 0 0 0 0 0 0 0 0 0 0 0 0 0 0 0 0 0 0 0 0 0 0 2 2 0 0 0 0 0 0 0 2 2 0 0 0 0 2 2 0 0 0 2 0 0 2 0 0 2 2 0 2 0 0 0 2 
10:/home/danil/.luarocks/share/lua/5.1/cliargs/utils/filter.lua
0 4 0 12 8 0 0 0 0 4 
22:/home/danil/.luarocks/share/lua/5.1/cliargs/utils/lookup.lua
0 0 0 0 0 4 3 1 0 0 0 1 0 0 0 1 0 0 0 0 0 2 
21:/home/danil/.luarocks/share/lua/5.1/cliargs/utils/split.lua
0 2 2 2 2 0 4 2 2 0 0 2 2 0 0 2 0 0 0 0 2 
175:/home/danil/.luarocks/share/lua/5.1/luassert/assert.lua
0 0 0 0 0 0 0 0 0 0 0 0 0 0 0 0 0 0 0 0 0 0 0 0 0 0 31 0 31 0 68 37 0 0 31 68 37 6 0 0 0 31 31 0 31 0 0 0 0 0 0 0 0 31 2 0 29 0 0 0 0 0 0 0 0 0 0 0 0 0 0 0 68 37 0 0 31 0 0 0 0 31 0 0 0 0 0 0 0 0 0 0 0 0 0 0 0 0 0 0 0 0 0 0 0 0 0 0 0 0 0 0 0 0 0 0 0 0 0 0 0 0 0 0 0 0 0 0 0 0 0 0 0 1 1 0 0 0 0 0 0 0 0 0 0 0 0 0 0 0 0 0 0 0 0 0 0 0 0 0 0 0 0 0 0 0 28 0 0 0 28 0 0 0 31 
302:/home/danil/.luarocks/share/lua/5.1/luassert/assertions.lua
0 0 0 0 0 0 0 0 0 0 0 0 0 0 0 0 0 0 31 0 0 31 0 0 0 0 0 0 0 0 0 0 0 0 0 0 0 0 0 0 0 0 0 0 0 0 0 0 0 0 0 0 0 0 0 0 0 0 0 0 0 0 0 0 0 0 0 0 0 0 0 0 0 0 0 0 0 0 0 0 0 0 0 0 0 0 0 0 0 0 0 0 0 0 0 0 0 0 0 0 0 0 0 0 0 0 0 0 0 0 0 0 24 24 24 24 0 24 24 24 0 0 0 2 2 2 2 2 0 2 2 2 2 2 2 0 0 0 0 0 0 0 0 0 0 0 0 0 0 0 0 0 0 0 0 0 0 2 2 2 2 2 2 2 2 0 2 0 2 2 2 2 2 2 2 2 0 2 0 0 2 0 2 2 2 0 2 2 0 0 0 0 0 0 0 0 0 0 0 0 0 0 0 0 0 0 0 0 0 0 0 0 0 0 0 0 0 0 0 0 0 0 0 0 0 0 0 0 0 0 0 0 0 0 0 0 0 0 0 0 0 0 0 0 0 0 0 0 0 0 0 0 0 0 0 0 0 0 0 0 0 0 0 0 1 1 1 0 0 0 0 0 0 0 0 0 2 2 2 2 2 0 0 0 0 0 0 0 0 0 0 0 0 0 0 0 0 0 0 0 0 2 
10:/home/danil/.luarocks/share/lua/5.1/luassert/modifiers.lua
0 0 0 0 5 0 0 0 1 1 
105:/home/danil/.luarocks/share/lua/5.1/luassert/state.lua
0 0 0 0 0 0 0 0 0 0 0 0 0 0 0 0 0 0 0 0 0 0 0 0 0 0 0 0 0 0 0 0 0 0 0 0 0 0 0 0 0 0 0 0 0 0 0 0 0 0 0 0 0 0 0 0 0 0 0 0 0 0 0 0 0 0 0 0 0 0 0 0 0 0 0 0 0 0 0 0 0 0 0 0 0 0 0 0 0 0 0 0 0 0 0 0 0 0 0 0 0 0 1 1 1 
353:/home/danil/.luarocks/share/lua/5.1/luassert/util.lua
0 0 0 0 0 2 0 0 0 0 0 0 9 9 0 9 2 2 0 2 0 0 0 2 0 0 0 2 2 2 2 2 0 0 0 2 0 0 0 2 2 0 9 7 7 0 0 0 7 7 0 0 0 0 0 9 0 0 7 0 0 2 2 0 2 0 0 0 2 2 2 8 6 0 2 0 0 0 0 0 0 0 0 0 0 0 0 0 0 0 0 0 0 0 0 0 0 0 0 0 0 0 0 0 0 0 0 0 0 0 0 0 0 0 0 0 0 0 0 0 0 0 0 0 0 0 0 0 0 0 0 0 0 0 0 0 0 0 0 0 0 0 0 0 0 0 0 0 0 0 0 0 0 0 0 0 0 0 0 0 0 0 0 0 0 0 0 0 0 0 0 0 0 0 0 0 0 0 0 0 0 0 0 0 0 0 0 0 0 0 0 0 0 0 0 0 0 0 0 0 0 0 0 0 0 0 0 0 0 0 0 0 0 29 29 29 29 29 29 0 0 0 0 29 29 0 29 0 0 0 0 0 55 26 0 0 29 29 0 0 0 0 0 0 0 0 0 26 26 0 26 0 0 0 0 0 26 0 52 26 0 0 26 26 26 0 0 0 0 0 0 0 0 0 2 0 0 0 0 0 0 0 0 0 2 0 0 0 0 0 0 0 0 31 31 31 31 62 31 31 31 0 31 31 0 0 0 0 0 0 0 0 31 0 0 31 31 31 68 37 37 0 0 37 37 0 0 0 0 0 0 37 37 37 0 37 0 0 0 31 0 0 0 31 0 0 0 0 0 0 31 31 31 
154:/home/danil/.luarocks/share/lua/5.1/mediator.lua
0 34 0 0 0 34 34 34 34 0 0 0 0 0 34 0 34 34 0 0 0 0 0 25 25 25 25 25 25 0 0 34 34 0 34 0 34 23 23 0 18 0 0 34 0 34 25 0 0 0 0 0 0 0 0 0 0 0 0 25 0 0 0 0 0 0 0 0 25 0 0 25 25 25 0 0 0 25 0 0 264 25 0 0 0 0 0 0 0 0 0 0 0 25 0 0 443 243 0 0 243 0 243 0 243 243 0 0 0 200 133 0 67 0 25 25 0 0 0 0 0 0 0 0 0 0 0 0 0 0 0 135 0 399 264 0 0 135 0 0 0 34 0 0 0 0 0 0 0 0 0 0 0 101 
565:/home/danil/.luarocks/share/lua/5.1/pl/List.lua
0 0 0 0 0 0 0 0 0 0 0 0 0 0 0 0 0 0 0 0 1 1 1 1 1 1 1 0 1 1 0 0 1 1 0 1 0 1 0 0 0 0 0 0 0 0 1 0 0 0 1 0 1 0 1 0 1 0 0 0 0 0 0 1 0 0 0 0 0 0 0 0 0 0 0 0 1 0 0 0 0 1 0 0 0 1 0 0 0 0 1 0 0 1 0 1 0 0 0 0 0 1 0 0 0 1 0 0 0 0 0 0 1 0 0 0 1 0 0 0 0 1 0 1 0 0 0 0 0 1 0 0 0 1 0 0 0 0 0 0 0 1 0 0 0 0 1 0 0 0 0 0 0 1 0 0 0 1 0 1 0 0 0 0 0 0 0 0 1 1 0 0 0 0 1 0 1 0 0 0 0 1 0 0 0 0 0 1 0 0 0 0 1 0 0 0 1 0 0 0 0 1 0 1 0 0 0 1 0 0 0 0 0 0 0 1 0 0 0 0 1 0 0 0 0 0 0 0 1 0 0 0 0 0 0 0 0 1 0 1 0 0 0 1 0 0 1 0 1 0 0 0 0 0 0 0 0 0 0 0 1 0 0 0 0 0 0 0 0 0 0 0 0 0 0 0 1 0 0 1 0 1 0 0 0 0 0 0 0 0 1 0 1 0 0 0 0 0 0 0 1 0 0 0 0 0 0 0 0 1 0 0 0 0 0 0 1 0 0 0 0 0 0 1 0 0 0 0 0 1 0 0 0 0 1 0 0 0 0 0 1 0 0 0 0 0 1 0 0 0 0 0 1 0 0 0 1 0 0 0 0 0 0 1 0 0 0 0 0 0 0 1 0 0 0 0 1 0 1 0 0 0 0 1 0 0 0 0 1 0 0 0 0 0 1 0 0 0 0 1 0 0 0 0 0 1 0 0 0 0 0 1 0 1 0 0 0 0 0 0 1 0 0 1 0 0 0 0 0 0 0 0 1 0 1 0 0 0 0 0 0 1 0 0 1 0 0 0 0 0 0 0 0 1 0 1 0 0 0 0 0 0 0 1 0 0 0 0 0 0 0 1 0 0 0 0 0 1 0 1 0 0 0 0 0 0 0 0 0 0 0 1 0 1 0 0 0 0 0 1 0 1 0 0 0 0 0 0 0 0 1 0 0 0 0 0 0 0 0 0 0 1 0 0 1 0 1 0 0 0 0 0 0 0 1 0 0 0 0 0 0 0 0 0 0 0 0 0 0 0 0 0 0 0 0 0 0 0 0 0 0 1 1 0 1 
218:/home/danil/.luarocks/share/lua/5.1/pl/class.lua
0 0 0 0 0 0 0 0 0 0 0 0 0 0 0 0 0 0 0 0 0 0 0 0 0 0 0 0 0 0 0 0 0 0 0 0 0 0 0 0 0 0 0 0 0 0 0 0 0 0 0 0 0 0 0 0 0 0 0 0 0 0 0 0 0 0 0 0 0 0 0 0 0 0 0 0 0 0 0 0 0 0 0 0 0 0 0 0 0 0 0 0 0 0 0 0 0 0 0 0 0 0 0 0 0 0 0 0 0 0 0 0 0 0 0 0 0 0 0 0 0 0 0 0 0 0 0 0 0 0 1 0 1 1 0 0 0 1 0 0 1 0 0 0 0 0 0 1 0 0 0 1 1 1 1 1 0 0 1 0 0 0 0 0 0 0 0 0 0 0 0 0 0 0 0 0 0 0 0 0 0 0 1 0 0 0 0 0 0 0 0 1 1 1 1 1 0 1 1 0 0 1 0 0 0 0 0 0 0 0 0 0 0 0 0 0 0 1 
527:/home/danil/.luarocks/share/lua/5.1/pl/dir.lua
0 0 0 0 0 0 0 1 1 1 1 1 1 1 1 1 1 1 0 1 1 0 1 0 0 1 1 0 0 1 2 0 0 2 2 1 0 0 0 0 0 0 0 0 0 0 1 0 0 0 1 0 0 0 0 0 0 1 0 0 0 0 0 0 0 0 1 0 0 0 0 0 0 0 0 0 0 0 0 0 0 1 0 0 0 0 0 0 1 0 0 0 0 0 0 0 0 0 0 0 1 0 0 0 0 0 1 0 0 0 1 0 1 0 0 0 0 0 0 0 0 0 0 0 0 0 0 1 0 0 0 0 0 0 0 0 0 0 0 0 0 0 0 0 0 0 0 0 0 0 0 0 0 0 0 0 0 0 0 0 0 0 0 0 0 0 0 0 0 0 0 0 0 0 0 0 0 0 0 0 0 0 0 0 0 1 0 0 0 1 0 0 0 0 0 0 0 0 0 0 0 0 0 0 0 0 0 0 0 0 0 0 0 0 0 0 0 0 0 0 0 0 0 0 0 0 0 0 0 0 0 1 0 0 0 0 0 0 0 1 0 0 0 0 1 0 0 0 0 0 0 1 0 0 0 1 0 0 0 0 0 0 0 0 0 0 0 0 0 0 0 0 1 0 0 0 0 0 0 0 0 0 0 0 0 0 0 0 1 0 0 0 0 0 0 0 0 0 0 0 0 0 0 0 0 0 0 0 0 0 0 0 0 0 0 0 0 0 1 0 0 0 0 0 0 0 1 0 0 0 0 0 0 0 0 0 0 0 0 0 0 0 0 0 0 0 0 0 0 0 0 1 0 0 0 1 1 0 0 1 0 0 1 0 0 0 0 0 0 0 0 0 0 0 0 0 0 0 1 0 0 0 0 0 0 1 0 0 0 0 0 2 0 0 0 0 0 0 0 0 0 0 0 0 0 0 1 0 0 0 0 0 0 0 0 0 0 0 0 0 0 0 0 0 0 0 0 0 0 0 0 0 0 0 0 0 0 0 0 0 0 0 0 0 0 0 0 0 1 0 0 0 0 0 0 0 6 6 1 0 0 5 5 5 1 1 0 0 4 2 2 2 2 0 0 2 0 0 0 2 1 0 0 0 0 0 0 1 1 0 1 1 0 0 0 1 0 1 1 0 0 0 0 0 0 0 0 1 1 1 1 0 1 1 3 2 2 2 2 0 0 0 0 1 1 0 1 
397:/home/danil/.luarocks/share/lua/5.1/pl/path.lua
0 0 0 0 0 0 0 0 0 0 0 0 0 0 0 0 0 0 0 0 0 0 0 0 0 0 0 0 0 0 0 0 0 0 0 0 0 0 0 0 0 0 0 0 0 0 0 0 0 0 0 0 0 0 0 0 0 0 0 0 0 0 0 0 0 0 0 0 0 0 0 0 0 0 0 0 0 0 0 0 0 0 0 0 0 0 0 0 0 0 0 0 0 0 0 0 0 0 0 0 0 0 0 0 0 0 0 0 0 0 0 0 0 0 0 0 0 0 0 0 0 0 4 4 0 0 0 0 0 1 1 0 0 0 0 0 0 0 0 0 0 0 0 0 0 0 0 0 0 0 0 0 0 0 0 2 2 0 0 0 0 0 0 0 0 0 0 0 0 0 0 0 0 0 0 0 0 0 0 0 0 0 998 0 0 0 0 0 0 0 0 0 0 0 0 0 0 0 0 0 0 0 0 0 0 0 0 0 0 0 0 0 0 0 0 0 0 0 0 0 0 0 0 0 0 0 0 0 0 0 0 66 66 66 990 924 924 0 66 0 0 66 0 0 0 0 0 0 0 0 0 0 0 0 0 0 0 0 0 0 0 0 0 0 0 0 0 0 0 0 0 0 0 0 0 0 0 2 2 2 8 6 0 0 6 6 0 2 0 0 2 0 0 0 0 0 0 0 0 0 0 0 64 64 64 0 0 0 0 0 0 0 0 0 0 2 2 2 0 0 0 0 0 0 0 0 0 0 2 2 2 0 0 0 0 0 0 0 0 0 0 0 0 0 0 0 0 0 0 0 0 0 0 0 0 0 0 0 0 0 0 0 0 0 0 0 0 0 0 0 0 0 0 0 0 0 0 0 0 0 0 0 0 0 0 0 0 0 0 0 0 0 4 4 0 0 4 
889:/home/danil/.luarocks/share/lua/5.1/pl/tablex.lua
0 0 0 0 0 0 0 0 0 0 0 0 0 0 0 0 0 0 0 0 0 2 2 0 0 0 0 0 0 0 0 0 0 0 0 0 0 0 2 0 0 2 0 0 3 0 0 3 0 0 0 0 0 0 0 0 0 0 0 0 0 0 0 0 0 0 0 0 0 0 0 0 0 0 0 0 0 0 0 0 0 0 0 0 0 0 0 0 0 3 3 161 158 0 3 0 0 0 0 0 0 0 0 0 0 0 0 0 0 0 0 0 0 0 0 0 0 0 0 0 0 0 0 0 0 0 0 0 0 0 0 0 0 0 0 0 0 0 0 0 0 0 0 0 0 0 0 0 0 0 0 0 0 0 0 0 0 0 0 0 0 0 0 0 0 0 0 0 0 0 0 0 0 0 0 0 0 0 0 0 0 0 0 0 0 0 0 0 0 0 0 0 0 0 0 0 0 0 0 0 0 0 0 0 0 0 0 0 0 0 0 0 0 0 0 0 0 0 0 0 0 0 0 0 0 0 0 0 0 0 0 0 0 0 0 0 0 0 0 0 0 0 0 0 0 0 0 0 0 0 0 0 0 0 0 0 0 0 0 0 0 0 0 0 0 0 0 0 0 0 0 0 0 0 0 0 0 0 0 0 0 0 0 0 0 0 0 0 0 0 0 0 0 0 0 0 0 0 0 0 0 0 0 0 0 0 0 0 0 0 0 0 0 0 0 0 0 0 0 0 0 0 0 0 0 0 0 0 0 0 0 0 0 0 0 0 0 0 0 0 0 0 0 0 0 0 0 0 0 0 0 0 0 0 0 0 0 0 0 0 0 0 0 0 0 0 0 0 0 0 0 0 0 0 0 0 0 0 0 0 0 0 0 0 0 0 0 0 0 0 0 0 0 0 0 0 0 0 0 0 0 0 0 0 0 0 0 0 0 0 0 0 0 0 0 0 0 0 0 0 0 0 0 0 0 0 0 0 0 0 0 0 0 0 0 0 0 0 0 0 0 0 0 0 0 0 0 0 0 0 0 0 0 0 0 0 0 0 0 0 0 0 0 0 0 0 0 0 0 0 0 0 0 0 0 0 0 0 0 0 0 0 0 0 0 0 0 0 0 0 0 0 0 0 0 0 0 0 0 0 0 0 0 0 0 0 0 0 0 0 0 0 0 0 0 0 0 0 0 0 0 0 0 0 0 0 0 0 0 0 0 0 0 0 0 0 0 0 0 0 0 0 0 0 0 0 0 0 0 0 0 0 0 0 0 0 0 0 0 0 0 0 0 0 0 0 0 0 0 0 0 0 0 0 0 0 0 0 0 0 0 0 0 0 0 0 0 0 0 0 0 0 0 0 0 0 0 0 0 0 0 0 0 0 0 0 0 0 0 0 0 0 0 0 0 0 0 0 0 0 0 0 0 0 0 0 0 0 0 0 0 0 0 0 0 0 0 0 0 0 0 0 0 0 0 0 0 0 0 0 0 0 0 0 0 0 0 0 0 0 0 0 0 0 0 0 0 0 0 0 0 0 0 0 0 0 0 0 0 0 0 0 0 0 0 0 0 0 0 0 0 0 0 0 0 0 0 0 0 0 0 0 0 0 0 0 0 0 0 0 0 0 0 0 0 0 0 0 0 0 0 0 0 0 2 2 2 6 4 4 4 4 0 0 2 0 0 0 0 0 0 0 0 0 0 0 0 0 0 0 0 0 0 0 0 0 0 0 0 0 0 0 0 0 0 0 0 0 0 0 0 0 0 0 0 0 0 0 0 0 0 0 0 0 0 0 0 0 0 0 0 0 0 0 0 0 0 0 0 0 0 0 0 0 0 0 0 0 0 0 0 0 0 0 0 0 0 0 0 0 0 0 0 0 0 0 0 0 0 0 0 0 0 0 0 0 0 0 0 0 0 0 0 0 0 0 0 0 0 0 0 0 0 0 0 0 0 0 0 0 0 0 0 0 0 0 0 0 0 0 0 0 1 1 1 1 0 0 0 1 1 0 0 1 3 2 0 0 1 
115:/home/danil/.luarocks/share/lua/5.1/pl/types.lua
0 0 0 0 0 0 0 0 0 0 0 0 0 0 0 0 0 0 0 0 0 0 0 0 0 0 0 0 0 0 0 0 0 0 0 0 0 0 0 0 0 0 0 0 0 0 0 0 0 0 0 0 0 0 0 0 0 0 0 0 0 0 0 0 0 0 0 0 0 0 0 0 0 0 0 0 0 0 0 0 0 0 0 0 5 0 0 0 0 0 0 0 0 0 0 0 0 0 2 2 0 0 0 0 0 0 0 0 0 0 0 0 0 3 3 
691:/home/danil/.luarocks/share/lua/5.1/pl/utils.lua
0 0 0 0 0 0 0 0 0 0 0 0 0 0 0 0 0 0 0 0 0 0 0 0 0 0 0 0 0 0 0 0 0 0 0 0 0 0 0 0 0 0 0 0 0 0 0 0 0 0 0 0 0 0 0 0 0 0 0 0 0 0 0 0 0 0 0 0 0 0 0 0 0 0 0 0 0 0 0 0 0 0 0 0 0 0 0 0 0 0 0 0 0 0 0 0 0 0 0 0 0 0 0 0 0 0 0 0 0 0 0 0 0 0 0 0 0 0 0 0 0 0 0 0 0 0 0 0 0 0 0 0 0 0 0 0 0 0 0 0 0 0 0 0 0 0 0 0 0 0 0 0 0 0 0 0 0 0 0 0 0 0 0 0 0 0 0 0 0 0 0 0 0 0 0 0 0 0 0 0 0 0 0 0 0 0 0 0 0 0 0 0 0 0 0 0 0 0 0 0 0 0 0 0 0 0 0 0 0 0 0 0 0 0 0 0 0 0 0 0 0 0 0 0 0 0 0 0 0 0 0 0 0 0 0 0 0 0 0 0 0 0 0 0 0 0 0 0 0 0 0 0 0 0 0 0 0 0 0 0 0 0 0 0 0 0 0 0 0 0 0 0 0 0 0 0 0 0 0 0 0 0 0 0 0 0 0 0 0 153 0 0 153 0 0 153 0 0 0 0 0 0 0 0 0 0 0 0 0 0 0 0 0 0 0 0 0 0 0 0 0 0 0 0 0 0 0 0 0 0 0 0 0 0 0 0 0 0 0 0 0 0 0 0 0 0 0 0 0 0 0 0 0 0 0 0 0 0 0 0 0 0 0 0 0 0 0 0 0 0 0 0 0 0 0 0 0 0 0 0 0 0 0 0 0 0 0 0 0 0 0 0 0 0 0 0 0 0 0 0 0 0 0 0 0 0 0 0 0 0 0 0 0 0 0 0 0 0 0 0 0 0 0 0 0 0 0 0 0 0 0 0 0 0 2 2 2 0 0 0 0 0 0 0 0 0 0 0 0 0 0 0 0 0 0 0 0 0 0 0 0 0 0 0 0 0 0 0 0 0 0 0 0 0 149 0 0 0 0 0 0 0 0 0 0 0 0 0 0 0 0 0 0 0 0 0 0 0 0 0 0 0 0 0 0 0 0 0 0 0 0 0 0 0 0 0 0 0 0 0 0 0 0 0 0 0 0 0 0 0 0 0 0 0 0 0 0 0 0 0 0 0 0 0 0 0 0 0 0 0 0 0 0 0 0 0 0 0 0 0 0 0 0 0 0 0 0 0 0 0 0 0 0 0 0 0 0 0 0 0 0 0 0 0 0 0 0 0 0 0 0 0 0 0 0 0 0 0 0 0 0 0 0 0 0 0 0 0 0 0 0 0 0 0 0 0 0 0 0 0 0 0 0 0 0 0 0 0 0 0 0 0 0 0 0 0 0 0 0 0 0 0 0 0 0 0 0 0 0 0 0 0 0 0 0 0 0 0 0 0 0 0 0 0 0 0 0 0 0 0 0 0 0 0 0 0 0 0 0 0 0 0 0 0 0 0 0 0 0 2 2 
52:/home/danil/.luarocks/share/lua/5.1/say/init.lua
0 0 0 0 0 0 0 0 0 0 0 0 0 1 1 0 0 1 0 0 0 0 0 0 0 0 0 19 19 0 0 0 0 36 0 0 36 36 0 36 0 36 0 0 36 36 0 122 86 0 0 36 
39:/home/danil/.luarocks/share/lua/5.1/term/colors.lua
0 0 0 0 0 0 0 0 0 0 0 0 0 0 0 0 0 0 0 0 0 0 0 0 0 0 0 0 0 0 18 0 0 0 18 0 0 0 9 
84:/usr/share/lua/5.1/luarocks/core/dir.lua
0 0 0 0 0 0 0 250 250 250 0 0 250 0 0 0 0 0 0 0 0 0 0 0 0 75 75 0 0 225 150 0 75 0 0 0 0 0 0 0 0 100 0 100 100 100 100 100 0 100 0 0 0 0 0 0 0 0 100 100 100 100 100 0 0 375 275 0 0 0 0 0 0 275 275 0 0 100 100 100 0 100 100 100 
83:/usr/share/lua/5.1/luarocks/core/manif.lua
0 0 0 0 0 0 0 0 0 0 0 0 0 0 0 0 0 0 0 0 0 0 0 0 0 0 0 0 0 0 0 0 50 50 0 0 0 0 0 0 0 0 0 0 25 25 25 0 0 0 0 0 0 0 0 0 0 0 50 0 50 50 25 0 0 25 25 0 0 0 25 50 50 50 25 0 75 25 0 0 0 11 11 
147:/usr/share/lua/5.1/luarocks/core/path.lua
0 0 0 0 0 0 0 0 0 0 50 0 0 50 50 0 0 0 0 0 0 0 0 0 0 0 0 0 0 0 0 0 0 0 0 0 0 0 0 0 0 0 0 0 11 0 11 11 11 0 0 0 0 0 0 0 0 0 0 0 0 0 11 11 11 0 0 0 0 0 0 0 0 0 0 0 0 0 0 0 0 0 0 0 0 0 0 0 0 0 0 0 0 0 0 0 0 0 0 0 0 0 0 0 0 0 0 0 0 0 0 0 100 100 0 0 0 0 0 0 0 0 0 0 0 0 0 0 25 25 25 0 0 25 25 0 0 75 50 25 0 50 50 0 0 0 25 
75:/usr/share/lua/5.1/luarocks/core/persist.lua
0 0 0 0 0 0 0 0 0 0 0 0 0 25 25 25 0 0 0 0 0 0 0 0 0 0 0 0 0 0 0 0 0 0 0 0 0 0 0 0 0 0 0 0 0 0 0 0 0 0 0 0 0 0 0 0 25 25 0 25 25 25 0 0 25 0 25 25 0 25 0 25 0 25 25 
219:/usr/share/lua/5.1/luarocks/loader.lua
0 0 0 0 0 0 0 0 0 0 0 0 0 0 0 0 0 0 0 0 0 0 0 0 0 0 0 0 0 0 0 0 0 0 0 0 0 0 0 0 0 0 0 0 0 0 0 0 0 0 0 0 0 0 0 0 0 0 0 0 0 0 0 0 11 0 0 0 0 0 0 11 11 0 0 0 11 0 0 0 0 0 0 0 0 0 0 0 0 0 0 0 0 0 0 0 0 0 0 0 0 33 33 22 22 11 0 0 0 0 0 0 0 11 11 11 11 0 0 11 11 11 0 0 0 0 0 0 0 0 0 0 0 0 0 0 0 0 0 0 0 0 0 0 14 14 0 0 0 14 14 17 14 14 11 11 11 0 0 3 3 3 0 0 0 0 0 0 0 0 3 0 0 0 0 3 0 0 0 0 0 0 0 0 0 0 28 11 0 0 11 14 0 0 0 0 0 0 0 0 0 0 0 0 0 0 0 0 0 0 0 0 0 14 14 3 0 11 11 
218:spec/interpreter_spec.lua
0 0 0 0 22 22 660022 660000 0 22 22 22 22 22 23 0 2 2 1 1 2 0 2 21 22 0 0 0 0 0 2 2 1 1 1 2 0 2 1 1 1 2 2 0 0 0 0 0 2 2 1 1 1 1 2 0 2 1 1 1 0 1 1 1 1 2 0 2 1 2 1 1 2 0 2 1 2 1 1 2 2 0 0 0 0 0 2 1 0 2 1 1 1 2 0 2 1 1 1 2 0 2 1 1 1 2 0 2 1 1 1 2 0 2 1 1 1 2 0 2 1 1 1 1 0 2 0 2 1 1 1 1 2 0 2 1 1 1 1 2 0 2 1 1 1 1 2 0 0 2 0 0 0 0 0 2 2 0 1 1 1 1 0 1 2 0 2 1 1 1 1 2 0 2 1 1 1 1 1 2 0 2 1 1 1 1 2 2 0 0 0 0 0 2 0 2 2 2 1 0 2 1 1 1 2 0 2 0 0 0 0 0 0 1 1 2 2 3 
16:spec/loloader_spec.lua
1 0 2 2 1 1 2 0 2 1 1 1 1 2 0 3 
136:src/interpreter.lua
1 0 1 1 30001 30000 0 1 1 0 1 1 1 0 0 1 8 8 8 8 8 214 206 202 0 0 0 8 1 0 1 0 206 1 0 205 1 0 204 181 0 23 4 0 19 2 0 17 2 0 15 3 0 0 0 0 0 0 0 0 0 0 3 3 0 12 2 1 0 1 1 0 10 5 3 0 3 0 5 5 3 3 0 0 0 0 0 0 0 0 0 0 0 0 0 0 0 0 0 0 207 0 1 6 0 200 195 5 190 5 1 0 4 4 4 0 0 0 0 0 5 1 0 197 193 193 193 0 5 0 1 2 2 2 1 1 
12:src/loader.lua
1 0 1 2 2 1 0 1 1 1 1 1 
